# JRE version: OpenJDK Runtime Environment (17.0.9) (build 17.0.9+0--11185874)
# Java VM: OpenJDK 64-Bit Server VM (17.0.9+0--11185874, mixed mode, tiered, compressed oops, compressed class ptrs, g1 gc, windows-amd64)
GC Precious Log:
 CPUs: 8 total, 8 available
 Memory: 8075M
 Large Page Support: Disabled
 NUMA Support: Disabled
 Compressed Oops: Enabled (32-bit)
 Heap Region Size: 1M
 Heap Min Capacity: 8M
 Heap Initial Capacity: 128M
 Heap Max Capacity: 2G
 Pre-touch: Disabled
 Parallel Workers: 8
 Concurrent Workers: 2
 Concurrent Refinement Workers: 8
 Periodic GC: Disabled
Heap:
 garbage-first heap   total 440320K, used 260428K [0x0000000080000000, 0x0000000100000000)
  region size 1024K, 12 young (12288K), 12 survivors (12288K)
 Metaspace       used 116492K, committed 117248K, reserved 1179648K
  class space    used 16154K, committed 16512K, reserved 1048576K
GC Heap History (20 events):
Event: 29.164 GC heap after
{Heap after GC invocations=55 (full 0):
 garbage-first heap   total 277504K, used 152467K [0x0000000080000000, 0x0000000100000000)
  region size 1024K, 4 young (4096K), 4 survivors (4096K)
 Metaspace       used 109717K, committed 110464K, reserved 1179648K
  class space    used 15081K, committed 15424K, reserved 1048576K
}
Event: 29.521 GC heap before
{Heap before GC invocations=55 (full 0):
 garbage-first heap   total 277504K, used 212883K [0x0000000080000000, 0x0000000100000000)
  region size 1024K, 64 young (65536K), 4 survivors (4096K)
 Metaspace       used 110992K, committed 111744K, reserved 1179648K
  class space    used 15280K, committed 15616K, reserved 1048576K
}
Event: 29.530 GC heap after
{Heap after GC invocations=56 (full 0):
 garbage-first heap   total 277504K, used 165888K [0x0000000080000000, 0x0000000100000000)
  region size 1024K, 8 young (8192K), 8 survivors (8192K)
 Metaspace       used 110992K, committed 111744K, reserved 1179648K
  class space    used 15280K, committed 15616K, reserved 1048576K
}
Event: 29.816 GC heap before
{Heap before GC invocations=56 (full 0):
 garbage-first heap   total 277504K, used 219136K [0x0000000080000000, 0x0000000100000000)
  region size 1024K, 60 young (61440K), 8 survivors (8192K)
 Metaspace       used 112601K, committed 113408K, reserved 1179648K
  class space    used 15562K, committed 15936K, reserved 1048576K
}
Event: 29.824 GC heap after
{Heap after GC invocations=57 (full 0):
 garbage-first heap   total 277504K, used 177346K [0x0000000080000000, 0x0000000100000000)
  region size 1024K, 8 young (8192K), 8 survivors (8192K)
 Metaspace       used 112601K, committed 113408K, reserved 1179648K
  class space    used 15562K, committed 15936K, reserved 1048576K
}
Event: 30.088 GC heap before
{Heap before GC invocations=57 (full 0):
 garbage-first heap   total 277504K, used 222402K [0x0000000080000000, 0x0000000100000000)
  region size 1024K, 53 young (54272K), 8 survivors (8192K)
 Metaspace       used 113232K, committed 113984K, reserved 1179648K
  class space    used 15628K, committed 16000K, reserved 1048576K
}
Event: 30.099 GC heap after
{Heap after GC invocations=58 (full 0):
 garbage-first heap   total 277504K, used 187877K [0x0000000080000000, 0x0000000100000000)
  region size 1024K, 7 young (7168K), 7 survivors (7168K)
 Metaspace       used 113232K, committed 113984K, reserved 1179648K
  class space    used 15628K, committed 16000K, reserved 1048576K
}
Event: 30.186 GC heap before
{Heap before GC invocations=58 (full 0):
 garbage-first heap   total 277504K, used 215525K [0x0000000080000000, 0x0000000100000000)
  region size 1024K, 36 young (36864K), 7 survivors (7168K)
 Metaspace       used 113523K, committed 114240K, reserved 1179648K
  class space    used 15657K, committed 16000K, reserved 1048576K
}
Event: 30.198 GC heap after
{Heap after GC invocations=59 (full 0):
 garbage-first heap   total 333824K, used 195080K [0x0000000080000000, 0x0000000100000000)
  region size 1024K, 6 young (6144K), 6 survivors (6144K)
 Metaspace       used 113523K, committed 114240K, reserved 1179648K
  class space    used 15657K, committed 16000K, reserved 1048576K
}
Event: 30.595 GC heap before
{Heap before GC invocations=60 (full 0):
 garbage-first heap   total 384000K, used 258568K [0x0000000080000000, 0x0000000100000000)
  region size 1024K, 69 young (70656K), 6 survivors (6144K)
 Metaspace       used 114117K, committed 114880K, reserved 1179648K
  class space    used 15788K, committed 16128K, reserved 1048576K
}
Event: 30.612 GC heap after
{Heap after GC invocations=61 (full 0):
 garbage-first heap   total 384000K, used 207872K [0x0000000080000000, 0x0000000100000000)
  region size 1024K, 9 young (9216K), 9 survivors (9216K)
 Metaspace       used 114117K, committed 114880K, reserved 1179648K
  class space    used 15788K, committed 16128K, reserved 1048576K
}
Event: 30.650 GC heap before
{Heap before GC invocations=61 (full 0):
 garbage-first heap   total 384000K, used 216064K [0x0000000080000000, 0x0000000100000000)
  region size 1024K, 18 young (18432K), 9 survivors (9216K)
 Metaspace       used 114213K, committed 115008K, reserved 1179648K
  class space    used 15807K, committed 16192K, reserved 1048576K
}
Event: 30.667 GC heap after
{Heap after GC invocations=62 (full 0):
 garbage-first heap   total 384000K, used 208102K [0x0000000080000000, 0x0000000100000000)
  region size 1024K, 3 young (3072K), 3 survivors (3072K)
 Metaspace       used 114213K, committed 115008K, reserved 1179648K
  class space    used 15807K, committed 16192K, reserved 1048576K
}
Event: 31.007 GC heap before
{Heap before GC invocations=62 (full 0):
 garbage-first heap   total 384000K, used 290022K [0x0000000080000000, 0x0000000100000000)
  region size 1024K, 83 young (84992K), 3 survivors (3072K)
 Metaspace       used 115435K, committed 116160K, reserved 1179648K
  class space    used 16024K, committed 16384K, reserved 1048576K
}
Event: 31.029 GC heap after
{Heap after GC invocations=63 (full 0):
 garbage-first heap   total 384000K, used 225027K [0x0000000080000000, 0x0000000100000000)
  region size 1024K, 11 young (11264K), 11 survivors (11264K)
 Metaspace       used 115435K, committed 116160K, reserved 1179648K
  class space    used 16024K, committed 16384K, reserved 1048576K
}
Event: 31.467 GC heap before
{Heap before GC invocations=64 (full 0):
 garbage-first heap   total 440320K, used 296707K [0x0000000080000000, 0x0000000100000000)
  region size 1024K, 82 young (83968K), 11 survivors (11264K)
 Metaspace       used 115783K, committed 116544K, reserved 1179648K
  class space    used 16057K, committed 16448K, reserved 1048576K
}
Event: 31.495 GC heap after
{Heap after GC invocations=65 (full 0):
 garbage-first heap   total 440320K, used 239616K [0x0000000080000000, 0x0000000100000000)
  region size 1024K, 11 young (11264K), 11 survivors (11264K)
 Metaspace       used 115783K, committed 116544K, reserved 1179648K
  class space    used 16057K, committed 16448K, reserved 1048576K
}
Event: 31.529 GC heap before
{Heap before GC invocations=65 (full 0):
 garbage-first heap   total 440320K, used 249856K [0x0000000080000000, 0x0000000100000000)
  region size 1024K, 21 young (21504K), 11 survivors (11264K)
 Metaspace       used 115789K, committed 116608K, reserved 1179648K
  class space    used 16057K, committed 16448K, reserved 1048576K
}
Event: 31.552 GC heap after
{Heap after GC invocations=66 (full 0):
 garbage-first heap   total 440320K, used 240949K [0x0000000080000000, 0x0000000100000000)
  region size 1024K, 3 young (3072K), 3 survivors (3072K)
 Metaspace       used 115789K, committed 116608K, reserved 1179648K
  class space    used 16057K, committed 16448K, reserved 1048576K
}
Event: 31.863 GC heap before
{Heap before GC invocations=66 (full 0):
 garbage-first heap   total 440320K, used 335157K [0x0000000080000000, 0x0000000100000000)
  region size 1024K, 96 young (98304K), 3 survivors (3072K)
 Metaspace       used 116492K, committed 117248K, reserved 1179648K
  class space    used 16154K, committed 16512K, reserved 1048576K
}

