# JRE version: OpenJDK Runtime Environment (17.0.9) (build 17.0.9+0--11185874)
# Java VM: OpenJDK 64-Bit Server VM (17.0.9+0--11185874, mixed mode, tiered, compressed oops, compressed class ptrs, g1 gc, windows-amd64)
GC Precious Log:
 CPUs: 8 total, 8 available
 Memory: 8075M
 Large Page Support: Disabled
 NUMA Support: Disabled
 Compressed Oops: Enabled (32-bit)
 Heap Region Size: 1M
 Heap Min Capacity: 8M
 Heap Initial Capacity: 128M
 Heap Max Capacity: 2020M
 Pre-touch: Disabled
 Parallel Workers: 8
 Concurrent Workers: 2
 Concurrent Refinement Workers: 8
 Periodic GC: Disabled
Heap:
 garbage-first heap   total 280576K, used 206093K [0x0000000081c00000, 0x0000000100000000)
  region size 1024K, 111 young (113664K), 2 survivors (2048K)
 Metaspace       used 63251K, committed 63616K, reserved 1114112K
  class space    used 7047K, committed 7232K, reserved 1048576K
GC Heap History (20 events):
Event: 10.412 GC heap before
{Heap before GC invocations=18 (full 0):
 garbage-first heap   total 75776K, used 58230K [0x0000000081c00000, 0x0000000100000000)
  region size 1024K, 18 young (18432K), 1 survivors (1024K)
 Metaspace       used 53381K, committed 53568K, reserved 1114112K
  class space    used 6384K, committed 6464K, reserved 1048576K
}
Event: 10.419 GC heap after
{Heap after GC invocations=19 (full 0):
 garbage-first heap   total 147456K, used 43355K [0x0000000081c00000, 0x0000000100000000)
  region size 1024K, 3 young (3072K), 3 survivors (3072K)
 Metaspace       used 53381K, committed 53568K, reserved 1114112K
  class space    used 6384K, committed 6464K, reserved 1048576K
}
Event: 12.557 GC heap before
{Heap before GC invocations=20 (full 0):
 garbage-first heap   total 147456K, used 101723K [0x0000000081c00000, 0x0000000100000000)
  region size 1024K, 60 young (61440K), 3 survivors (3072K)
 Metaspace       used 57177K, committed 57408K, reserved 1114112K
  class space    used 6742K, committed 6848K, reserved 1048576K
}
Event: 12.579 GC heap after
{Heap after GC invocations=21 (full 0):
 garbage-first heap   total 147456K, used 51405K [0x0000000081c00000, 0x0000000100000000)
  region size 1024K, 8 young (8192K), 8 survivors (8192K)
 Metaspace       used 57177K, committed 57408K, reserved 1114112K
  class space    used 6742K, committed 6848K, reserved 1048576K
}
Event: 12.620 GC heap before
{Heap before GC invocations=21 (full 0):
 garbage-first heap   total 147456K, used 52429K [0x0000000081c00000, 0x0000000100000000)
  region size 1024K, 9 young (9216K), 8 survivors (8192K)
 Metaspace       used 57200K, committed 57408K, reserved 1114112K
  class space    used 6742K, committed 6848K, reserved 1048576K
}
Event: 12.635 GC heap after
{Heap after GC invocations=22 (full 0):
 garbage-first heap   total 147456K, used 51947K [0x0000000081c00000, 0x0000000100000000)
  region size 1024K, 1 young (1024K), 1 survivors (1024K)
 Metaspace       used 57200K, committed 57408K, reserved 1114112K
  class space    used 6742K, committed 6848K, reserved 1048576K
}
Event: 14.974 GC heap before
{Heap before GC invocations=22 (full 0):
 garbage-first heap   total 147456K, used 106219K [0x0000000081c00000, 0x0000000100000000)
  region size 1024K, 51 young (52224K), 1 survivors (1024K)
 Metaspace       used 58749K, committed 59008K, reserved 1114112K
  class space    used 6824K, committed 6976K, reserved 1048576K
}
Event: 14.990 GC heap after
{Heap after GC invocations=23 (full 0):
 garbage-first heap   total 147456K, used 62366K [0x0000000081c00000, 0x0000000100000000)
  region size 1024K, 7 young (7168K), 7 survivors (7168K)
 Metaspace       used 58749K, committed 59008K, reserved 1114112K
  class space    used 6824K, committed 6976K, reserved 1048576K
}
Event: 16.410 GC heap before
{Heap before GC invocations=23 (full 0):
 garbage-first heap   total 147456K, used 109470K [0x0000000081c00000, 0x0000000100000000)
  region size 1024K, 53 young (54272K), 7 survivors (7168K)
 Metaspace       used 59118K, committed 59328K, reserved 1114112K
  class space    used 6845K, committed 6976K, reserved 1048576K
}
Event: 16.430 GC heap after
{Heap after GC invocations=24 (full 0):
 garbage-first heap   total 147456K, used 65536K [0x0000000081c00000, 0x0000000100000000)
  region size 1024K, 4 young (4096K), 4 survivors (4096K)
 Metaspace       used 59118K, committed 59328K, reserved 1114112K
  class space    used 6845K, committed 6976K, reserved 1048576K
}
Event: 16.622 GC heap before
{Heap before GC invocations=24 (full 0):
 garbage-first heap   total 147456K, used 112640K [0x0000000081c00000, 0x0000000100000000)
  region size 1024K, 50 young (51200K), 4 survivors (4096K)
 Metaspace       used 59118K, committed 59328K, reserved 1114112K
  class space    used 6845K, committed 6976K, reserved 1048576K
}
Event: 16.633 GC heap after
{Heap after GC invocations=25 (full 0):
 garbage-first heap   total 147456K, used 71308K [0x0000000081c00000, 0x0000000100000000)
  region size 1024K, 6 young (6144K), 6 survivors (6144K)
 Metaspace       used 59118K, committed 59328K, reserved 1114112K
  class space    used 6845K, committed 6976K, reserved 1048576K
}
Event: 17.759 GC heap before
{Heap before GC invocations=25 (full 0):
 garbage-first heap   total 147456K, used 115340K [0x0000000081c00000, 0x0000000100000000)
  region size 1024K, 49 young (50176K), 6 survivors (6144K)
 Metaspace       used 60419K, committed 60736K, reserved 1114112K
  class space    used 6930K, committed 7104K, reserved 1048576K
}
Event: 17.781 GC heap after
{Heap after GC invocations=26 (full 0):
 garbage-first heap   total 147456K, used 78013K [0x0000000081c00000, 0x0000000100000000)
  region size 1024K, 7 young (7168K), 7 survivors (7168K)
 Metaspace       used 60419K, committed 60736K, reserved 1114112K
  class space    used 6930K, committed 7104K, reserved 1048576K
}
Event: 19.148 GC heap before
{Heap before GC invocations=26 (full 0):
 garbage-first heap   total 147456K, used 116925K [0x0000000081c00000, 0x0000000100000000)
  region size 1024K, 45 young (46080K), 7 survivors (7168K)
 Metaspace       used 61369K, committed 61696K, reserved 1114112K
  class space    used 6973K, committed 7104K, reserved 1048576K
}
Event: 19.180 GC heap after
{Heap after GC invocations=27 (full 0):
 garbage-first heap   total 294912K, used 81854K [0x0000000081c00000, 0x0000000100000000)
  region size 1024K, 4 young (4096K), 4 survivors (4096K)
 Metaspace       used 61369K, committed 61696K, reserved 1114112K
  class space    used 6973K, committed 7104K, reserved 1048576K
}
Event: 24.563 GC heap before
{Heap before GC invocations=28 (full 0):
 garbage-first heap   total 280576K, used 218046K [0x0000000081c00000, 0x0000000100000000)
  region size 1024K, 135 young (138240K), 4 survivors (4096K)
 Metaspace       used 62363K, committed 62720K, reserved 1114112K
  class space    used 6996K, committed 7168K, reserved 1048576K
}
Event: 24.579 GC heap after
{Heap after GC invocations=29 (full 0):
 garbage-first heap   total 280576K, used 94956K [0x0000000081c00000, 0x0000000100000000)
  region size 1024K, 15 young (15360K), 15 survivors (15360K)
 Metaspace       used 62363K, committed 62720K, reserved 1114112K
  class space    used 6996K, committed 7168K, reserved 1048576K
}
Event: 24.581 GC heap before
{Heap before GC invocations=29 (full 0):
 garbage-first heap   total 280576K, used 95980K [0x0000000081c00000, 0x0000000100000000)
  region size 1024K, 16 young (16384K), 15 survivors (15360K)
 Metaspace       used 62363K, committed 62720K, reserved 1114112K
  class space    used 6996K, committed 7168K, reserved 1048576K
}
Event: 24.597 GC heap after
{Heap after GC invocations=30 (full 0):
 garbage-first heap   total 280576K, used 95501K [0x0000000081c00000, 0x0000000100000000)
  region size 1024K, 2 young (2048K), 2 survivors (2048K)
 Metaspace       used 62363K, committed 62720K, reserved 1114112K
  class space    used 6996K, committed 7168K, reserved 1048576K
}

