# JRE version: OpenJDK Runtime Environment (17.0.9) (build 17.0.9+0--11185874)
# Java VM: OpenJDK 64-Bit Server VM (17.0.9+0--11185874, mixed mode, tiered, compressed oops, compressed class ptrs, g1 gc, windows-amd64)
GC Precious Log:
 CPUs: 8 total, 8 available
 Memory: 8075M
 Large Page Support: Disabled
 NUMA Support: Disabled
 Compressed Oops: Enabled (32-bit)
 Heap Region Size: 1M
 Heap Min Capacity: 8M
 Heap Initial Capacity: 128M
 Heap Max Capacity: 2G
 Pre-touch: Disabled
 Parallel Workers: 8
 Concurrent Workers: 2
 Concurrent Refinement Workers: 8
 Periodic GC: Disabled
Heap:
 garbage-first heap   total 309248K, used 201305K [0x0000000080000000, 0x0000000100000000)
  region size 1024K, 69 young (70656K), 2 survivors (2048K)
 Metaspace       used 116636K, committed 117376K, reserved 1179648K
  class space    used 15612K, committed 16000K, reserved 1048576K
GC Heap History (20 events):
Event: 11.743 GC heap before
{Heap before GC invocations=29 (full 0):
 garbage-first heap   total 185344K, used 151148K [0x0000000080000000, 0x0000000100000000)
  region size 1024K, 78 young (79872K), 1 survivors (1024K)
 Metaspace       used 75221K, committed 75840K, reserved 1179648K
  class space    used 10177K, committed 10496K, reserved 1048576K
}
Event: 11.748 GC heap after
{Heap after GC invocations=30 (full 0):
 garbage-first heap   total 185344K, used 76351K [0x0000000080000000, 0x0000000100000000)
  region size 1024K, 5 young (5120K), 5 survivors (5120K)
 Metaspace       used 75221K, committed 75840K, reserved 1179648K
  class space    used 10177K, committed 10496K, reserved 1048576K
}
Event: 12.879 GC heap before
{Heap before GC invocations=30 (full 0):
 garbage-first heap   total 185344K, used 149055K [0x0000000080000000, 0x0000000100000000)
  region size 1024K, 76 young (77824K), 5 survivors (5120K)
 Metaspace       used 81566K, committed 82240K, reserved 1179648K
  class space    used 11027K, committed 11328K, reserved 1048576K
}
Event: 12.887 GC heap after
{Heap after GC invocations=31 (full 0):
 garbage-first heap   total 185344K, used 81734K [0x0000000080000000, 0x0000000100000000)
  region size 1024K, 10 young (10240K), 10 survivors (10240K)
 Metaspace       used 81566K, committed 82240K, reserved 1179648K
  class space    used 11027K, committed 11328K, reserved 1048576K
}
Event: 13.728 GC heap before
{Heap before GC invocations=31 (full 0):
 garbage-first heap   total 185344K, used 148294K [0x0000000080000000, 0x0000000100000000)
  region size 1024K, 76 young (77824K), 10 survivors (10240K)
 Metaspace       used 88308K, committed 89024K, reserved 1179648K
  class space    used 11854K, committed 12160K, reserved 1048576K
}
Event: 13.737 GC heap after
{Heap after GC invocations=32 (full 0):
 garbage-first heap   total 185344K, used 84842K [0x0000000080000000, 0x0000000100000000)
  region size 1024K, 9 young (9216K), 9 survivors (9216K)
 Metaspace       used 88308K, committed 89024K, reserved 1179648K
  class space    used 11854K, committed 12160K, reserved 1048576K
}
Event: 14.340 GC heap before
{Heap before GC invocations=32 (full 0):
 garbage-first heap   total 185344K, used 156522K [0x0000000080000000, 0x0000000100000000)
  region size 1024K, 72 young (73728K), 9 survivors (9216K)
 Metaspace       used 95038K, committed 95808K, reserved 1179648K
  class space    used 13175K, committed 13504K, reserved 1048576K
}
Event: 14.354 GC heap after
{Heap after GC invocations=33 (full 0):
 garbage-first heap   total 185344K, used 100508K [0x0000000080000000, 0x0000000100000000)
  region size 1024K, 9 young (9216K), 9 survivors (9216K)
 Metaspace       used 95038K, committed 95808K, reserved 1179648K
  class space    used 13175K, committed 13504K, reserved 1048576K
}
Event: 14.591 GC heap before
{Heap before GC invocations=33 (full 0):
 garbage-first heap   total 185344K, used 148636K [0x0000000080000000, 0x0000000100000000)
  region size 1024K, 56 young (57344K), 9 survivors (9216K)
 Metaspace       used 95047K, committed 95808K, reserved 1179648K
  class space    used 13176K, committed 13504K, reserved 1048576K
}
Event: 14.609 GC heap after
{Heap after GC invocations=34 (full 0):
 garbage-first heap   total 185344K, used 107681K [0x0000000080000000, 0x0000000100000000)
  region size 1024K, 7 young (7168K), 7 survivors (7168K)
 Metaspace       used 95047K, committed 95808K, reserved 1179648K
  class space    used 13176K, committed 13504K, reserved 1048576K
}
Event: 15.001 GC heap before
{Heap before GC invocations=34 (full 0):
 garbage-first heap   total 185344K, used 144545K [0x0000000080000000, 0x0000000100000000)
  region size 1024K, 43 young (44032K), 7 survivors (7168K)
 Metaspace       used 97559K, committed 98304K, reserved 1179648K
  class space    used 13491K, committed 13888K, reserved 1048576K
}
Event: 15.011 GC heap after
{Heap after GC invocations=35 (full 0):
 garbage-first heap   total 185344K, used 114021K [0x0000000080000000, 0x0000000100000000)
  region size 1024K, 6 young (6144K), 6 survivors (6144K)
 Metaspace       used 97559K, committed 98304K, reserved 1179648K
  class space    used 13491K, committed 13888K, reserved 1048576K
}
Event: 15.448 GC heap before
{Heap before GC invocations=35 (full 0):
 garbage-first heap   total 185344K, used 154981K [0x0000000080000000, 0x0000000100000000)
  region size 1024K, 39 young (39936K), 6 survivors (6144K)
 Metaspace       used 100140K, committed 100864K, reserved 1179648K
  class space    used 13761K, committed 14144K, reserved 1048576K
}
Event: 15.455 GC heap after
{Heap after GC invocations=36 (full 0):
 garbage-first heap   total 309248K, used 126162K [0x0000000080000000, 0x0000000100000000)
  region size 1024K, 4 young (4096K), 4 survivors (4096K)
 Metaspace       used 100140K, committed 100864K, reserved 1179648K
  class space    used 13761K, committed 14144K, reserved 1048576K
}
Event: 15.790 GC heap before
{Heap before GC invocations=36 (full 0):
 garbage-first heap   total 309248K, used 150738K [0x0000000080000000, 0x0000000100000000)
  region size 1024K, 29 young (29696K), 4 survivors (4096K)
 Metaspace       used 102800K, committed 103488K, reserved 1179648K
  class space    used 14039K, committed 14400K, reserved 1048576K
}
Event: 15.795 GC heap after
{Heap after GC invocations=37 (full 0):
 garbage-first heap   total 309248K, used 128210K [0x0000000080000000, 0x0000000100000000)
  region size 1024K, 6 young (6144K), 6 survivors (6144K)
 Metaspace       used 102800K, committed 103488K, reserved 1179648K
  class space    used 14039K, committed 14400K, reserved 1048576K
}
Event: 17.279 GC heap before
{Heap before GC invocations=38 (full 0):
 garbage-first heap   total 309248K, used 243922K [0x0000000080000000, 0x0000000100000000)
  region size 1024K, 118 young (120832K), 6 survivors (6144K)
 Metaspace       used 113975K, committed 114688K, reserved 1179648K
  class space    used 15325K, committed 15680K, reserved 1048576K
}
Event: 17.289 GC heap after
{Heap after GC invocations=39 (full 0):
 garbage-first heap   total 309248K, used 133953K [0x0000000080000000, 0x0000000100000000)
  region size 1024K, 12 young (12288K), 12 survivors (12288K)
 Metaspace       used 113975K, committed 114688K, reserved 1179648K
  class space    used 15325K, committed 15680K, reserved 1048576K
}
Event: 17.353 GC heap before
{Heap before GC invocations=39 (full 0):
 garbage-first heap   total 309248K, used 137025K [0x0000000080000000, 0x0000000100000000)
  region size 1024K, 15 young (15360K), 12 survivors (12288K)
 Metaspace       used 114281K, committed 115008K, reserved 1179648K
  class space    used 15369K, committed 15744K, reserved 1048576K
}
Event: 17.361 GC heap after
{Heap after GC invocations=40 (full 0):
 garbage-first heap   total 309248K, used 133721K [0x0000000080000000, 0x0000000100000000)
  region size 1024K, 2 young (2048K), 2 survivors (2048K)
 Metaspace       used 114281K, committed 115008K, reserved 1179648K
  class space    used 15369K, committed 15744K, reserved 1048576K
}

