# JRE version: OpenJDK Runtime Environment (17.0.9) (build 17.0.9+0--11185874)
# Java VM: OpenJDK 64-Bit Server VM (17.0.9+0--11185874, mixed mode, tiered, compressed oops, compressed class ptrs, g1 gc, windows-amd64)
GC Precious Log:
 CPUs: 8 total, 8 available
 Memory: 8075M
 Large Page Support: Disabled
 NUMA Support: Disabled
 Compressed Oops: Enabled (32-bit)
 Heap Region Size: 1M
 Heap Min Capacity: 8M
 Heap Initial Capacity: 128M
 Heap Max Capacity: 2020M
 Pre-touch: Disabled
 Parallel Workers: 8
 Concurrent Workers: 2
 Concurrent Refinement Workers: 8
 Periodic GC: Disabled
Heap:
 garbage-first heap   total 180224K, used 121447K [0x0000000081c00000, 0x0000000100000000)
  region size 1024K, 3 young (3072K), 3 survivors (3072K)
 Metaspace       used 79297K, committed 79680K, reserved 1179648K
  class space    used 8742K, committed 8960K, reserved 1048576K
GC Heap History (20 events):
Event: 11.225 GC heap after
{Heap after GC invocations=25 (full 0):
 garbage-first heap   total 180224K, used 61655K [0x0000000081c00000, 0x0000000100000000)
  region size 1024K, 2 young (2048K), 2 survivors (2048K)
 Metaspace       used 57807K, committed 58112K, reserved 1114112K
  class space    used 6778K, committed 6912K, reserved 1048576K
}
Event: 12.526 GC heap before
{Heap before GC invocations=25 (full 0):
 garbage-first heap   total 180224K, used 132311K [0x0000000081c00000, 0x0000000100000000)
  region size 1024K, 71 young (72704K), 2 survivors (2048K)
 Metaspace       used 59033K, committed 59328K, reserved 1114112K
  class space    used 6826K, committed 6976K, reserved 1048576K
}
Event: 12.536 GC heap after
{Heap after GC invocations=26 (full 0):
 garbage-first heap   total 180224K, used 70397K [0x0000000081c00000, 0x0000000100000000)
  region size 1024K, 9 young (9216K), 9 survivors (9216K)
 Metaspace       used 59033K, committed 59328K, reserved 1114112K
  class space    used 6826K, committed 6976K, reserved 1048576K
}
Event: 14.600 GC heap before
{Heap before GC invocations=26 (full 0):
 garbage-first heap   total 180224K, used 136957K [0x0000000081c00000, 0x0000000100000000)
  region size 1024K, 73 young (74752K), 9 survivors (9216K)
 Metaspace       used 61147K, committed 61504K, reserved 1114112K
  class space    used 6944K, committed 7104K, reserved 1048576K
}
Event: 14.617 GC heap after
{Heap after GC invocations=27 (full 0):
 garbage-first heap   total 180224K, used 77431K [0x0000000081c00000, 0x0000000100000000)
  region size 1024K, 7 young (7168K), 7 survivors (7168K)
 Metaspace       used 61147K, committed 61504K, reserved 1114112K
  class space    used 6944K, committed 7104K, reserved 1048576K
}
Event: 17.400 GC heap before
{Heap before GC invocations=27 (full 0):
 garbage-first heap   total 180224K, used 141943K [0x0000000081c00000, 0x0000000100000000)
  region size 1024K, 68 young (69632K), 7 survivors (7168K)
 Metaspace       used 61940K, committed 62208K, reserved 1114112K
  class space    used 6965K, committed 7104K, reserved 1048576K
}
Event: 17.419 GC heap after
{Heap after GC invocations=28 (full 0):
 garbage-first heap   total 180224K, used 85662K [0x0000000081c00000, 0x0000000100000000)
  region size 1024K, 6 young (6144K), 6 survivors (6144K)
 Metaspace       used 61940K, committed 62208K, reserved 1114112K
  class space    used 6965K, committed 7104K, reserved 1048576K
}
Event: 17.922 GC heap before
{Heap before GC invocations=28 (full 0):
 garbage-first heap   total 180224K, used 144030K [0x0000000081c00000, 0x0000000100000000)
  region size 1024K, 63 young (64512K), 6 survivors (6144K)
 Metaspace       used 61940K, committed 62208K, reserved 1114112K
  class space    used 6965K, committed 7104K, reserved 1048576K
}
Event: 17.938 GC heap after
{Heap after GC invocations=29 (full 0):
 garbage-first heap   total 180224K, used 91451K [0x0000000081c00000, 0x0000000100000000)
  region size 1024K, 6 young (6144K), 6 survivors (6144K)
 Metaspace       used 61940K, committed 62208K, reserved 1114112K
  class space    used 6965K, committed 7104K, reserved 1048576K
}
Event: 19.698 GC heap before
{Heap before GC invocations=29 (full 0):
 garbage-first heap   total 180224K, used 145723K [0x0000000081c00000, 0x0000000100000000)
  region size 1024K, 59 young (60416K), 6 survivors (6144K)
 Metaspace       used 62299K, committed 62656K, reserved 1114112K
  class space    used 6986K, committed 7168K, reserved 1048576K
}
Event: 19.714 GC heap after
{Heap after GC invocations=30 (full 0):
 garbage-first heap   total 180224K, used 97552K [0x0000000081c00000, 0x0000000100000000)
  region size 1024K, 7 young (7168K), 7 survivors (7168K)
 Metaspace       used 62299K, committed 62656K, reserved 1114112K
  class space    used 6986K, committed 7168K, reserved 1048576K
}
Event: 22.090 GC heap before
{Heap before GC invocations=30 (full 0):
 garbage-first heap   total 180224K, used 146704K [0x0000000081c00000, 0x0000000100000000)
  region size 1024K, 55 young (56320K), 7 survivors (7168K)
 Metaspace       used 63921K, committed 64192K, reserved 1114112K
  class space    used 7130K, committed 7296K, reserved 1048576K
}
Event: 22.106 GC heap after
{Heap after GC invocations=31 (full 0):
 garbage-first heap   total 180224K, used 101486K [0x0000000081c00000, 0x0000000100000000)
  region size 1024K, 4 young (4096K), 4 survivors (4096K)
 Metaspace       used 63921K, committed 64192K, reserved 1114112K
  class space    used 7130K, committed 7296K, reserved 1048576K
}
Event: 23.902 GC heap before
{Heap before GC invocations=31 (full 0):
 garbage-first heap   total 180224K, used 147566K [0x0000000081c00000, 0x0000000100000000)
  region size 1024K, 49 young (50176K), 4 survivors (4096K)
 Metaspace       used 70703K, committed 71040K, reserved 1114112K
  class space    used 7819K, committed 8000K, reserved 1048576K
}
Event: 23.927 GC heap after
{Heap after GC invocations=32 (full 0):
 garbage-first heap   total 180224K, used 105756K [0x0000000081c00000, 0x0000000100000000)
  region size 1024K, 7 young (7168K), 7 survivors (7168K)
 Metaspace       used 70703K, committed 71040K, reserved 1114112K
  class space    used 7819K, committed 8000K, reserved 1048576K
}
Event: 25.005 GC heap before
{Heap before GC invocations=32 (full 0):
 garbage-first heap   total 180224K, used 148764K [0x0000000081c00000, 0x0000000100000000)
  region size 1024K, 49 young (50176K), 7 survivors (7168K)
 Metaspace       used 73150K, committed 73472K, reserved 1179648K
  class space    used 8082K, committed 8256K, reserved 1048576K
}
Event: 25.031 GC heap after
{Heap after GC invocations=33 (full 0):
 garbage-first heap   total 180224K, used 113344K [0x0000000081c00000, 0x0000000100000000)
  region size 1024K, 7 young (7168K), 7 survivors (7168K)
 Metaspace       used 73150K, committed 73472K, reserved 1179648K
  class space    used 8082K, committed 8256K, reserved 1048576K
}
Event: 25.987 GC heap before
{Heap before GC invocations=33 (full 0):
 garbage-first heap   total 180224K, used 148160K [0x0000000081c00000, 0x0000000100000000)
  region size 1024K, 41 young (41984K), 7 survivors (7168K)
 Metaspace       used 74497K, committed 74816K, reserved 1179648K
  class space    used 8198K, committed 8384K, reserved 1048576K
}
Event: 26.004 GC heap after
{Heap after GC invocations=34 (full 0):
 garbage-first heap   total 180224K, used 120414K [0x0000000081c00000, 0x0000000100000000)
  region size 1024K, 6 young (6144K), 6 survivors (6144K)
 Metaspace       used 74497K, committed 74816K, reserved 1179648K
  class space    used 8198K, committed 8384K, reserved 1048576K
}
Event: 26.673 GC heap before
{Heap before GC invocations=34 (full 0):
 garbage-first heap   total 180224K, used 149086K [0x0000000081c00000, 0x0000000100000000)
  region size 1024K, 34 young (34816K), 6 survivors (6144K)
 Metaspace       used 79297K, committed 79680K, reserved 1179648K
  class space    used 8742K, committed 8960K, reserved 1048576K
}

