# JRE version: OpenJDK Runtime Environment (17.0.9) (build 17.0.9+0--11185874)
# Java VM: OpenJDK 64-Bit Server VM (17.0.9+0--11185874, mixed mode, tiered, compressed oops, compressed class ptrs, g1 gc, windows-amd64)
GC Precious Log:
 CPUs: 8 total, 8 available
 Memory: 8075M
 Large Page Support: Disabled
 NUMA Support: Disabled
 Compressed Oops: Enabled (32-bit)
 Heap Region Size: 1M
 Heap Min Capacity: 8M
 Heap Initial Capacity: 128M
 Heap Max Capacity: 2G
 Pre-touch: Disabled
 Parallel Workers: 8
 Concurrent Workers: 2
 Concurrent Refinement Workers: 8
 Periodic GC: Disabled
Heap:
 garbage-first heap   total 247808K, used 194976K [0x0000000080000000, 0x0000000100000000)
  region size 1024K, 4 young (4096K), 4 survivors (4096K)
 Metaspace       used 122849K, committed 123776K, reserved 1179648K
  class space    used 16716K, committed 17152K, reserved 1048576K
GC Heap History (20 events):
Event: 38.103 GC heap after
{Heap after GC invocations=53 (full 0):
 garbage-first heap   total 247808K, used 146299K [0x0000000080000000, 0x0000000100000000)
  region size 1024K, 6 young (6144K), 6 survivors (6144K)
 Metaspace       used 113670K, committed 114560K, reserved 1179648K
  class space    used 15307K, committed 15744K, reserved 1048576K
}
Event: 38.361 GC heap before
{Heap before GC invocations=53 (full 0):
 garbage-first heap   total 247808K, used 215931K [0x0000000080000000, 0x0000000100000000)
  region size 1024K, 74 young (75776K), 6 survivors (6144K)
 Metaspace       used 113670K, committed 114560K, reserved 1179648K
  class space    used 15307K, committed 15744K, reserved 1048576K
}
Event: 38.365 GC heap after
{Heap after GC invocations=54 (full 0):
 garbage-first heap   total 247808K, used 146597K [0x0000000080000000, 0x0000000100000000)
  region size 1024K, 6 young (6144K), 6 survivors (6144K)
 Metaspace       used 113670K, committed 114560K, reserved 1179648K
  class space    used 15307K, committed 15744K, reserved 1048576K
}
Event: 39.057 GC heap before
{Heap before GC invocations=54 (full 0):
 garbage-first heap   total 247808K, used 223397K [0x0000000080000000, 0x0000000100000000)
  region size 1024K, 73 young (74752K), 6 survivors (6144K)
 Metaspace       used 113848K, committed 114688K, reserved 1179648K
  class space    used 15329K, committed 15744K, reserved 1048576K
}
Event: 39.067 GC heap after
{Heap after GC invocations=55 (full 0):
 garbage-first heap   total 247808K, used 153765K [0x0000000080000000, 0x0000000100000000)
  region size 1024K, 10 young (10240K), 10 survivors (10240K)
 Metaspace       used 113848K, committed 114688K, reserved 1179648K
  class space    used 15329K, committed 15744K, reserved 1048576K
}
Event: 39.604 GC heap before
{Heap before GC invocations=55 (full 0):
 garbage-first heap   total 247808K, used 209061K [0x0000000080000000, 0x0000000100000000)
  region size 1024K, 65 young (66560K), 10 survivors (10240K)
 Metaspace       used 115043K, committed 115904K, reserved 1179648K
  class space    used 15510K, committed 15936K, reserved 1048576K
}
Event: 39.614 GC heap after
{Heap after GC invocations=56 (full 0):
 garbage-first heap   total 247808K, used 159027K [0x0000000080000000, 0x0000000100000000)
  region size 1024K, 8 young (8192K), 8 survivors (8192K)
 Metaspace       used 115043K, committed 115904K, reserved 1179648K
  class space    used 15510K, committed 15936K, reserved 1048576K
}
Event: 40.153 GC heap before
{Heap before GC invocations=56 (full 0):
 garbage-first heap   total 247808K, used 206131K [0x0000000080000000, 0x0000000100000000)
  region size 1024K, 55 young (56320K), 8 survivors (8192K)
 Metaspace       used 117412K, committed 118272K, reserved 1179648K
  class space    used 15877K, committed 16320K, reserved 1048576K
}
Event: 40.159 GC heap after
{Heap after GC invocations=57 (full 0):
 garbage-first heap   total 247808K, used 166039K [0x0000000080000000, 0x0000000100000000)
  region size 1024K, 7 young (7168K), 7 survivors (7168K)
 Metaspace       used 117412K, committed 118272K, reserved 1179648K
  class space    used 15877K, committed 16320K, reserved 1048576K
}
Event: 40.751 GC heap before
{Heap before GC invocations=57 (full 0):
 garbage-first heap   total 247808K, used 204951K [0x0000000080000000, 0x0000000100000000)
  region size 1024K, 46 young (47104K), 7 survivors (7168K)
 Metaspace       used 119307K, committed 120128K, reserved 1179648K
  class space    used 16159K, committed 16576K, reserved 1048576K
}
Event: 40.760 GC heap after
{Heap after GC invocations=58 (full 0):
 garbage-first heap   total 247808K, used 171977K [0x0000000080000000, 0x0000000100000000)
  region size 1024K, 6 young (6144K), 6 survivors (6144K)
 Metaspace       used 119307K, committed 120128K, reserved 1179648K
  class space    used 16159K, committed 16576K, reserved 1048576K
}
Event: 40.943 GC heap before
{Heap before GC invocations=58 (full 0):
 garbage-first heap   total 247808K, used 206793K [0x0000000080000000, 0x0000000100000000)
  region size 1024K, 40 young (40960K), 6 survivors (6144K)
 Metaspace       used 120097K, committed 120896K, reserved 1179648K
  class space    used 16288K, committed 16704K, reserved 1048576K
}
Event: 40.954 GC heap after
{Heap after GC invocations=59 (full 0):
 garbage-first heap   total 247808K, used 177152K [0x0000000080000000, 0x0000000100000000)
  region size 1024K, 5 young (5120K), 5 survivors (5120K)
 Metaspace       used 120097K, committed 120896K, reserved 1179648K
  class space    used 16288K, committed 16704K, reserved 1048576K
}
Event: 41.066 GC heap before
{Heap before GC invocations=59 (full 0):
 garbage-first heap   total 247808K, used 207872K [0x0000000080000000, 0x0000000100000000)
  region size 1024K, 36 young (36864K), 5 survivors (5120K)
 Metaspace       used 120682K, committed 121536K, reserved 1179648K
  class space    used 16411K, committed 16832K, reserved 1048576K
}
Event: 41.078 GC heap after
{Heap after GC invocations=60 (full 0):
 garbage-first heap   total 247808K, used 182675K [0x0000000080000000, 0x0000000100000000)
  region size 1024K, 5 young (5120K), 5 survivors (5120K)
 Metaspace       used 120682K, committed 121536K, reserved 1179648K
  class space    used 16411K, committed 16832K, reserved 1048576K
}
Event: 41.305 GC heap before
{Heap before GC invocations=60 (full 0):
 garbage-first heap   total 247808K, used 208275K [0x0000000080000000, 0x0000000100000000)
  region size 1024K, 31 young (31744K), 5 survivors (5120K)
 Metaspace       used 122012K, committed 122944K, reserved 1179648K
  class space    used 16621K, committed 17088K, reserved 1048576K
}
Event: 41.317 GC heap after
{Heap after GC invocations=61 (full 0):
 garbage-first heap   total 247808K, used 186740K [0x0000000080000000, 0x0000000100000000)
  region size 1024K, 4 young (4096K), 4 survivors (4096K)
 Metaspace       used 122012K, committed 122944K, reserved 1179648K
  class space    used 16621K, committed 17088K, reserved 1048576K
}
Event: 41.454 GC heap before
{Heap before GC invocations=61 (full 0):
 garbage-first heap   total 247808K, used 211316K [0x0000000080000000, 0x0000000100000000)
  region size 1024K, 28 young (28672K), 4 survivors (4096K)
 Metaspace       used 122319K, committed 123200K, reserved 1179648K
  class space    used 16656K, committed 17088K, reserved 1048576K
}
Event: 41.466 GC heap after
{Heap after GC invocations=62 (full 0):
 garbage-first heap   total 247808K, used 191078K [0x0000000080000000, 0x0000000100000000)
  region size 1024K, 4 young (4096K), 4 survivors (4096K)
 Metaspace       used 122319K, committed 123200K, reserved 1179648K
  class space    used 16656K, committed 17088K, reserved 1048576K
}
Event: 41.586 GC heap before
{Heap before GC invocations=62 (full 0):
 garbage-first heap   total 247808K, used 212582K [0x0000000080000000, 0x0000000100000000)
  region size 1024K, 25 young (25600K), 4 survivors (4096K)
 Metaspace       used 122849K, committed 123776K, reserved 1179648K
  class space    used 16716K, committed 17152K, reserved 1048576K
}

