# JRE version: OpenJDK Runtime Environment (17.0.9) (build 17.0.9+0--11185874)
# Java VM: OpenJDK 64-Bit Server VM (17.0.9+0--11185874, mixed mode, tiered, compressed oops, compressed class ptrs, g1 gc, windows-amd64)
GC Precious Log:
 CPUs: 8 total, 8 available
 Memory: 8075M
 Large Page Support: Disabled
 NUMA Support: Disabled
 Compressed Oops: Enabled (32-bit)
 Heap Region Size: 1M
 Heap Min Capacity: 8M
 Heap Initial Capacity: 128M
 Heap Max Capacity: 2020M
 Pre-touch: Disabled
 Parallel Workers: 8
 Concurrent Workers: 2
 Concurrent Refinement Workers: 8
 Periodic GC: Disabled
Heap:
 garbage-first heap   total 227328K, used 144236K [0x0000000081c00000, 0x0000000100000000)
  region size 1024K, 36 young (36864K), 10 survivors (10240K)
 Metaspace       used 82961K, committed 83328K, reserved 1179648K
  class space    used 9112K, committed 9280K, reserved 1048576K
GC Heap History (20 events):
Event: 9.078 GC heap before
{Heap before GC invocations=19 (full 0):
 garbage-first heap   total 112640K, used 88625K [0x0000000081c00000, 0x0000000100000000)
  region size 1024K, 38 young (38912K), 4 survivors (4096K)
 Metaspace       used 57905K, committed 58176K, reserved 1114112K
  class space    used 6777K, committed 6912K, reserved 1048576K
}
Event: 9.100 GC heap after
{Heap after GC invocations=20 (full 0):
 garbage-first heap   total 112640K, used 58448K [0x0000000081c00000, 0x0000000100000000)
  region size 1024K, 5 young (5120K), 5 survivors (5120K)
 Metaspace       used 57905K, committed 58176K, reserved 1114112K
  class space    used 6777K, committed 6912K, reserved 1048576K
}
Event: 9.493 GC heap before
{Heap before GC invocations=20 (full 0):
 garbage-first heap   total 112640K, used 89168K [0x0000000081c00000, 0x0000000100000000)
  region size 1024K, 35 young (35840K), 5 survivors (5120K)
 Metaspace       used 57905K, committed 58176K, reserved 1114112K
  class space    used 6777K, committed 6912K, reserved 1048576K
}
Event: 9.504 GC heap after
{Heap after GC invocations=21 (full 0):
 garbage-first heap   total 112640K, used 60909K [0x0000000081c00000, 0x0000000100000000)
  region size 1024K, 3 young (3072K), 3 survivors (3072K)
 Metaspace       used 57905K, committed 58176K, reserved 1114112K
  class space    used 6777K, committed 6912K, reserved 1048576K
}
Event: 9.610 GC heap before
{Heap before GC invocations=21 (full 0):
 garbage-first heap   total 145408K, used 90605K [0x0000000081c00000, 0x0000000100000000)
  region size 1024K, 32 young (32768K), 3 survivors (3072K)
 Metaspace       used 57908K, committed 58176K, reserved 1114112K
  class space    used 6777K, committed 6912K, reserved 1048576K
}
Event: 9.619 GC heap after
{Heap after GC invocations=22 (full 0):
 garbage-first heap   total 227328K, used 64498K [0x0000000081c00000, 0x0000000100000000)
  region size 1024K, 4 young (4096K), 4 survivors (4096K)
 Metaspace       used 57908K, committed 58176K, reserved 1114112K
  class space    used 6777K, committed 6912K, reserved 1048576K
}
Event: 12.275 GC heap before
{Heap before GC invocations=23 (full 0):
 garbage-first heap   total 227328K, used 170994K [0x0000000081c00000, 0x0000000100000000)
  region size 1024K, 107 young (109568K), 4 survivors (4096K)
 Metaspace       used 60766K, committed 61120K, reserved 1114112K
  class space    used 6937K, committed 7104K, reserved 1048576K
}
Event: 12.297 GC heap after
{Heap after GC invocations=24 (full 0):
 garbage-first heap   total 227328K, used 76858K [0x0000000081c00000, 0x0000000100000000)
  region size 1024K, 14 young (14336K), 14 survivors (14336K)
 Metaspace       used 60766K, committed 61120K, reserved 1114112K
  class space    used 6937K, committed 7104K, reserved 1048576K
}
Event: 12.354 GC heap before
{Heap before GC invocations=24 (full 0):
 garbage-first heap   total 227328K, used 77882K [0x0000000081c00000, 0x0000000100000000)
  region size 1024K, 15 young (15360K), 14 survivors (14336K)
 Metaspace       used 60815K, committed 61120K, reserved 1114112K
  class space    used 6937K, committed 7104K, reserved 1048576K
}
Event: 12.368 GC heap after
{Heap after GC invocations=25 (full 0):
 garbage-first heap   total 227328K, used 77303K [0x0000000081c00000, 0x0000000100000000)
  region size 1024K, 1 young (1024K), 1 survivors (1024K)
 Metaspace       used 60815K, committed 61120K, reserved 1114112K
  class space    used 6937K, committed 7104K, reserved 1048576K
}
Event: 15.036 GC heap before
{Heap before GC invocations=25 (full 0):
 garbage-first heap   total 227328K, used 165367K [0x0000000081c00000, 0x0000000100000000)
  region size 1024K, 85 young (87040K), 1 survivors (1024K)
 Metaspace       used 61919K, committed 62208K, reserved 1114112K
  class space    used 6963K, committed 7104K, reserved 1048576K
}
Event: 15.046 GC heap after
{Heap after GC invocations=26 (full 0):
 garbage-first heap   total 227328K, used 86434K [0x0000000081c00000, 0x0000000100000000)
  region size 1024K, 8 young (8192K), 8 survivors (8192K)
 Metaspace       used 61919K, committed 62208K, reserved 1114112K
  class space    used 6963K, committed 7104K, reserved 1048576K
}
Event: 15.553 GC heap before
{Heap before GC invocations=26 (full 0):
 garbage-first heap   total 227328K, used 170402K [0x0000000081c00000, 0x0000000100000000)
  region size 1024K, 90 young (92160K), 8 survivors (8192K)
 Metaspace       used 61960K, committed 62272K, reserved 1114112K
  class space    used 6963K, committed 7104K, reserved 1048576K
}
Event: 15.568 GC heap after
{Heap after GC invocations=27 (full 0):
 garbage-first heap   total 227328K, used 96034K [0x0000000081c00000, 0x0000000100000000)
  region size 1024K, 10 young (10240K), 10 survivors (10240K)
 Metaspace       used 61960K, committed 62272K, reserved 1114112K
  class space    used 6963K, committed 7104K, reserved 1048576K
}
Event: 18.102 GC heap before
{Heap before GC invocations=27 (full 0):
 garbage-first heap   total 227328K, used 175906K [0x0000000081c00000, 0x0000000100000000)
  region size 1024K, 88 young (90112K), 10 survivors (10240K)
 Metaspace       used 65113K, committed 65344K, reserved 1114112K
  class space    used 7283K, committed 7424K, reserved 1048576K
}
Event: 18.118 GC heap after
{Heap after GC invocations=28 (full 0):
 garbage-first heap   total 227328K, used 102521K [0x0000000081c00000, 0x0000000100000000)
  region size 1024K, 7 young (7168K), 7 survivors (7168K)
 Metaspace       used 65113K, committed 65344K, reserved 1114112K
  class space    used 7283K, committed 7424K, reserved 1048576K
}
Event: 21.327 GC heap before
{Heap before GC invocations=28 (full 0):
 garbage-first heap   total 227328K, used 180345K [0x0000000081c00000, 0x0000000100000000)
  region size 1024K, 83 young (84992K), 7 survivors (7168K)
 Metaspace       used 73199K, committed 73536K, reserved 1179648K
  class space    used 8081K, committed 8256K, reserved 1048576K
}
Event: 21.360 GC heap after
{Heap after GC invocations=29 (full 0):
 garbage-first heap   total 227328K, used 113468K [0x0000000081c00000, 0x0000000100000000)
  region size 1024K, 11 young (11264K), 11 survivors (11264K)
 Metaspace       used 73199K, committed 73536K, reserved 1179648K
  class space    used 8081K, committed 8256K, reserved 1048576K
}
Event: 23.516 GC heap before
{Heap before GC invocations=29 (full 0):
 garbage-first heap   total 227328K, used 180028K [0x0000000081c00000, 0x0000000100000000)
  region size 1024K, 76 young (77824K), 11 survivors (11264K)
 Metaspace       used 79723K, committed 80128K, reserved 1179648K
  class space    used 8763K, committed 8960K, reserved 1048576K
}
Event: 23.541 GC heap after
{Heap after GC invocations=30 (full 0):
 garbage-first heap   total 227328K, used 120684K [0x0000000081c00000, 0x0000000100000000)
  region size 1024K, 10 young (10240K), 10 survivors (10240K)
 Metaspace       used 79723K, committed 80128K, reserved 1179648K
  class space    used 8763K, committed 8960K, reserved 1048576K
}

