# JRE version: OpenJDK Runtime Environment (17.0.9) (build 17.0.9+0--11185874)
# Java VM: OpenJDK 64-Bit Server VM (17.0.9+0--11185874, mixed mode, tiered, compressed oops, compressed class ptrs, g1 gc, windows-amd64)
GC Precious Log:
 CPUs: 8 total, 8 available
 Memory: 8075M
 Large Page Support: Disabled
 NUMA Support: Disabled
 Compressed Oops: Enabled (32-bit)
 Heap Region Size: 1M
 Heap Min Capacity: 8M
 Heap Initial Capacity: 128M
 Heap Max Capacity: 2G
 Pre-touch: Disabled
 Parallel Workers: 8
 Concurrent Workers: 2
 Concurrent Refinement Workers: 8
 Periodic GC: Disabled
Heap:
 garbage-first heap   total 283648K, used 203821K [0x0000000080000000, 0x0000000100000000)
  region size 1024K, 43 young (44032K), 11 survivors (11264K)
 Metaspace       used 144081K, committed 145216K, reserved 1179648K
  class space    used 19319K, committed 19904K, reserved 1048576K
GC Heap History (20 events):
Event: 117.572 GC heap before
{Heap before GC invocations=57 (full 0):
 garbage-first heap   total 183296K, used 159299K [0x0000000080000000, 0x0000000100000000)
  region size 1024K, 17 young (17408K), 2 survivors (2048K)
 Metaspace       used 126243K, committed 127168K, reserved 1179648K
  class space    used 16676K, committed 17152K, reserved 1048576K
}
Event: 117.576 GC heap after
{Heap after GC invocations=58 (full 0):
 garbage-first heap   total 183296K, used 145216K [0x0000000080000000, 0x0000000100000000)
  region size 1024K, 2 young (2048K), 2 survivors (2048K)
 Metaspace       used 126243K, committed 127168K, reserved 1179648K
  class space    used 16676K, committed 17152K, reserved 1048576K
}
Event: 117.657 GC heap before
{Heap before GC invocations=58 (full 0):
 garbage-first heap   total 183296K, used 159552K [0x0000000080000000, 0x0000000100000000)
  region size 1024K, 17 young (17408K), 2 survivors (2048K)
 Metaspace       used 126243K, committed 127168K, reserved 1179648K
  class space    used 16676K, committed 17152K, reserved 1048576K
}
Event: 117.662 GC heap after
{Heap after GC invocations=59 (full 0):
 garbage-first heap   total 183296K, used 145330K [0x0000000080000000, 0x0000000100000000)
  region size 1024K, 2 young (2048K), 2 survivors (2048K)
 Metaspace       used 126243K, committed 127168K, reserved 1179648K
  class space    used 16676K, committed 17152K, reserved 1048576K
}
Event: 117.854 GC heap before
{Heap before GC invocations=59 (full 0):
 garbage-first heap   total 183296K, used 160690K [0x0000000080000000, 0x0000000100000000)
  region size 1024K, 18 young (18432K), 2 survivors (2048K)
 Metaspace       used 126265K, committed 127232K, reserved 1179648K
  class space    used 16678K, committed 17152K, reserved 1048576K
}
Event: 117.859 GC heap after
{Heap after GC invocations=60 (full 0):
 garbage-first heap   total 232448K, used 145104K [0x0000000080000000, 0x0000000100000000)
  region size 1024K, 1 young (1024K), 1 survivors (1024K)
 Metaspace       used 126265K, committed 127232K, reserved 1179648K
  class space    used 16678K, committed 17152K, reserved 1048576K
}
Event: 119.186 GC heap before
{Heap before GC invocations=60 (full 0):
 garbage-first heap   total 232448K, used 201424K [0x0000000080000000, 0x0000000100000000)
  region size 1024K, 57 young (58368K), 1 survivors (1024K)
 Metaspace       used 126369K, committed 127296K, reserved 1179648K
  class space    used 16682K, committed 17152K, reserved 1048576K
}
Event: 119.190 GC heap after
{Heap after GC invocations=61 (full 0):
 garbage-first heap   total 232448K, used 146432K [0x0000000080000000, 0x0000000100000000)
  region size 1024K, 3 young (3072K), 3 survivors (3072K)
 Metaspace       used 126369K, committed 127296K, reserved 1179648K
  class space    used 16682K, committed 17152K, reserved 1048576K
}
Event: 121.078 GC heap before
{Heap before GC invocations=61 (full 0):
 garbage-first heap   total 232448K, used 200704K [0x0000000080000000, 0x0000000100000000)
  region size 1024K, 57 young (58368K), 3 survivors (3072K)
 Metaspace       used 126448K, committed 127424K, reserved 1179648K
  class space    used 16684K, committed 17152K, reserved 1048576K
}
Event: 121.082 GC heap after
{Heap after GC invocations=62 (full 0):
 garbage-first heap   total 232448K, used 147318K [0x0000000080000000, 0x0000000100000000)
  region size 1024K, 3 young (3072K), 3 survivors (3072K)
 Metaspace       used 126448K, committed 127424K, reserved 1179648K
  class space    used 16684K, committed 17152K, reserved 1048576K
}
Event: 181.475 GC heap before
{Heap before GC invocations=62 (full 0):
 garbage-first heap   total 232448K, used 206710K [0x0000000080000000, 0x0000000100000000)
  region size 1024K, 49 young (50176K), 3 survivors (3072K)
 Metaspace       used 127663K, committed 128576K, reserved 1179648K
  class space    used 16876K, committed 17344K, reserved 1048576K
}
Event: 181.481 GC heap after
{Heap after GC invocations=63 (full 0):
 garbage-first heap   total 232448K, used 167221K [0x0000000080000000, 0x0000000100000000)
  region size 1024K, 8 young (8192K), 8 survivors (8192K)
 Metaspace       used 127663K, committed 128576K, reserved 1179648K
  class space    used 16876K, committed 17344K, reserved 1048576K
}
Event: 182.180 GC heap before
{Heap before GC invocations=64 (full 0):
 garbage-first heap   total 283648K, used 195893K [0x0000000080000000, 0x0000000100000000)
  region size 1024K, 35 young (35840K), 8 survivors (8192K)
 Metaspace       used 130045K, committed 131136K, reserved 1179648K
  class space    used 17100K, committed 17664K, reserved 1048576K
}
Event: 182.187 GC heap after
{Heap after GC invocations=65 (full 0):
 garbage-first heap   total 283648K, used 168104K [0x0000000080000000, 0x0000000100000000)
  region size 1024K, 4 young (4096K), 4 survivors (4096K)
 Metaspace       used 130045K, committed 131136K, reserved 1179648K
  class space    used 17100K, committed 17664K, reserved 1048576K
}
Event: 182.238 GC heap before
{Heap before GC invocations=65 (full 0):
 garbage-first heap   total 283648K, used 177320K [0x0000000080000000, 0x0000000100000000)
  region size 1024K, 13 young (13312K), 4 survivors (4096K)
 Metaspace       used 130158K, committed 131200K, reserved 1179648K
  class space    used 17118K, committed 17664K, reserved 1048576K
}
Event: 182.249 GC heap after
{Heap after GC invocations=66 (full 0):
 garbage-first heap   total 283648K, used 148873K [0x0000000080000000, 0x0000000100000000)
  region size 1024K, 1 young (1024K), 1 survivors (1024K)
 Metaspace       used 130158K, committed 131200K, reserved 1179648K
  class space    used 17118K, committed 17664K, reserved 1048576K
}
Event: 183.443 GC heap before
{Heap before GC invocations=66 (full 0):
 garbage-first heap   total 283648K, used 241033K [0x0000000080000000, 0x0000000100000000)
  region size 1024K, 91 young (93184K), 1 survivors (1024K)
 Metaspace       used 140381K, committed 141504K, reserved 1179648K
  class space    used 18865K, committed 19456K, reserved 1048576K
}
Event: 183.449 GC heap after
{Heap after GC invocations=67 (full 0):
 garbage-first heap   total 283648K, used 153395K [0x0000000080000000, 0x0000000100000000)
  region size 1024K, 6 young (6144K), 6 survivors (6144K)
 Metaspace       used 140381K, committed 141504K, reserved 1179648K
  class space    used 18865K, committed 19456K, reserved 1048576K
}
Event: 184.069 GC heap before
{Heap before GC invocations=67 (full 0):
 garbage-first heap   total 283648K, used 242483K [0x0000000080000000, 0x0000000100000000)
  region size 1024K, 86 young (88064K), 6 survivors (6144K)
 Metaspace       used 143826K, committed 144960K, reserved 1179648K
  class space    used 19295K, committed 19840K, reserved 1048576K
}
Event: 184.089 GC heap after
{Heap after GC invocations=68 (full 0):
 garbage-first heap   total 283648K, used 172077K [0x0000000080000000, 0x0000000100000000)
  region size 1024K, 11 young (11264K), 11 survivors (11264K)
 Metaspace       used 143826K, committed 144960K, reserved 1179648K
  class space    used 19295K, committed 19840K, reserved 1048576K
}

