# JRE version: OpenJDK Runtime Environment (17.0.9) (build 17.0.9+0--11185874)
# Java VM: OpenJDK 64-Bit Server VM (17.0.9+0--11185874, mixed mode, tiered, compressed oops, compressed class ptrs, g1 gc, windows-amd64)
GC Precious Log:
 CPUs: 8 total, 8 available
 Memory: 8075M
 Large Page Support: Disabled
 NUMA Support: Disabled
 Compressed Oops: Enabled (32-bit)
 Heap Region Size: 1M
 Heap Min Capacity: 8M
 Heap Initial Capacity: 128M
 Heap Max Capacity: 2G
 Pre-touch: Disabled
 Parallel Workers: 8
 Concurrent Workers: 2
 Concurrent Refinement Workers: 8
 Periodic GC: Disabled
Heap:
 garbage-first heap   total 276480K, used 211025K [0x0000000080000000, 0x0000000100000000)
  region size 1024K, 59 young (60416K), 1 survivors (1024K)
 Metaspace       used 140063K, committed 140928K, reserved 1179648K
  class space    used 18332K, committed 18752K, reserved 1048576K
GC Heap History (20 events):
Event: 17.302 GC heap before
{Heap before GC invocations=38 (full 0):
 garbage-first heap   total 224256K, used 129537K [0x0000000080000000, 0x0000000100000000)
  region size 1024K, 10 young (10240K), 6 survivors (6144K)
 Metaspace       used 99476K, committed 100096K, reserved 1179648K
  class space    used 13431K, committed 13696K, reserved 1048576K
}
Event: 17.307 GC heap after
{Heap after GC invocations=39 (full 0):
 garbage-first heap   total 224256K, used 125940K [0x0000000080000000, 0x0000000100000000)
  region size 1024K, 2 young (2048K), 2 survivors (2048K)
 Metaspace       used 99476K, committed 100096K, reserved 1179648K
  class space    used 13431K, committed 13696K, reserved 1048576K
}
Event: 18.048 GC heap before
{Heap before GC invocations=39 (full 0):
 garbage-first heap   total 224256K, used 180212K [0x0000000080000000, 0x0000000100000000)
  region size 1024K, 55 young (56320K), 2 survivors (2048K)
 Metaspace       used 103519K, committed 104256K, reserved 1179648K
  class space    used 13893K, committed 14272K, reserved 1048576K
}
Event: 18.052 GC heap after
{Heap after GC invocations=40 (full 0):
 garbage-first heap   total 269312K, used 127457K [0x0000000080000000, 0x0000000100000000)
  region size 1024K, 3 young (3072K), 3 survivors (3072K)
 Metaspace       used 103519K, committed 104256K, reserved 1179648K
  class space    used 13893K, committed 14272K, reserved 1048576K
}
Event: 19.437 GC heap before
{Heap before GC invocations=41 (full 0):
 garbage-first heap   total 269312K, used 212449K [0x0000000080000000, 0x0000000100000000)
  region size 1024K, 87 young (89088K), 3 survivors (3072K)
 Metaspace       used 114134K, committed 114880K, reserved 1179648K
  class space    used 15071K, committed 15424K, reserved 1048576K
}
Event: 19.443 GC heap after
{Heap after GC invocations=42 (full 0):
 garbage-first heap   total 269312K, used 131757K [0x0000000080000000, 0x0000000100000000)
  region size 1024K, 7 young (7168K), 7 survivors (7168K)
 Metaspace       used 114134K, committed 114880K, reserved 1179648K
  class space    used 15071K, committed 15424K, reserved 1048576K
}
Event: 19.516 GC heap before
{Heap before GC invocations=42 (full 0):
 garbage-first heap   total 269312K, used 137901K [0x0000000080000000, 0x0000000100000000)
  region size 1024K, 13 young (13312K), 7 survivors (7168K)
 Metaspace       used 115155K, committed 115904K, reserved 1179648K
  class space    used 15178K, committed 15552K, reserved 1048576K
}
Event: 19.522 GC heap after
{Heap after GC invocations=43 (full 0):
 garbage-first heap   total 269312K, used 132190K [0x0000000080000000, 0x0000000100000000)
  region size 1024K, 1 young (1024K), 1 survivors (1024K)
 Metaspace       used 115155K, committed 115904K, reserved 1179648K
  class space    used 15178K, committed 15552K, reserved 1048576K
}
Event: 20.009 GC heap before
{Heap before GC invocations=43 (full 0):
 garbage-first heap   total 269312K, used 161886K [0x0000000080000000, 0x0000000100000000)
  region size 1024K, 32 young (32768K), 1 survivors (1024K)
 Metaspace       used 119131K, committed 119872K, reserved 1179648K
  class space    used 15594K, committed 15936K, reserved 1048576K
}
Event: 20.011 GC heap after
{Heap after GC invocations=44 (full 0):
 garbage-first heap   total 269312K, used 133168K [0x0000000080000000, 0x0000000100000000)
  region size 1024K, 2 young (2048K), 2 survivors (2048K)
 Metaspace       used 119131K, committed 119872K, reserved 1179648K
  class space    used 15594K, committed 15936K, reserved 1048576K
}
Event: 21.173 GC heap before
{Heap before GC invocations=45 (full 0):
 garbage-first heap   total 269312K, used 224304K [0x0000000080000000, 0x0000000100000000)
  region size 1024K, 86 young (88064K), 2 survivors (2048K)
 Metaspace       used 126274K, committed 127040K, reserved 1179648K
  class space    used 16427K, committed 16768K, reserved 1048576K
}
Event: 21.179 GC heap after
{Heap after GC invocations=46 (full 0):
 garbage-first heap   total 269312K, used 143523K [0x0000000080000000, 0x0000000100000000)
  region size 1024K, 9 young (9216K), 9 survivors (9216K)
 Metaspace       used 126274K, committed 127040K, reserved 1179648K
  class space    used 16427K, committed 16768K, reserved 1048576K
}
Event: 21.232 GC heap before
{Heap before GC invocations=46 (full 0):
 garbage-first heap   total 269312K, used 147619K [0x0000000080000000, 0x0000000100000000)
  region size 1024K, 13 young (13312K), 9 survivors (9216K)
 Metaspace       used 126681K, committed 127488K, reserved 1179648K
  class space    used 16466K, committed 16832K, reserved 1048576K
}
Event: 21.238 GC heap after
{Heap after GC invocations=47 (full 0):
 garbage-first heap   total 269312K, used 143563K [0x0000000080000000, 0x0000000100000000)
  region size 1024K, 1 young (1024K), 1 survivors (1024K)
 Metaspace       used 126681K, committed 127488K, reserved 1179648K
  class space    used 16466K, committed 16832K, reserved 1048576K
}
Event: 21.736 GC heap before
{Heap before GC invocations=47 (full 0):
 garbage-first heap   total 269312K, used 173259K [0x0000000080000000, 0x0000000100000000)
  region size 1024K, 31 young (31744K), 1 survivors (1024K)
 Metaspace       used 130321K, committed 131200K, reserved 1179648K
  class space    used 16992K, committed 17408K, reserved 1048576K
}
Event: 21.740 GC heap after
{Heap after GC invocations=48 (full 0):
 garbage-first heap   total 269312K, used 145357K [0x0000000080000000, 0x0000000100000000)
  region size 1024K, 3 young (3072K), 3 survivors (3072K)
 Metaspace       used 130321K, committed 131200K, reserved 1179648K
  class space    used 16992K, committed 17408K, reserved 1048576K
}
Event: 23.054 GC heap before
{Heap before GC invocations=49 (full 0):
 garbage-first heap   total 276480K, used 234445K [0x0000000080000000, 0x0000000100000000)
  region size 1024K, 80 young (81920K), 3 survivors (3072K)
 Metaspace       used 135625K, committed 136384K, reserved 1179648K
  class space    used 17723K, committed 18112K, reserved 1048576K
}
Event: 23.067 GC heap after
{Heap after GC invocations=50 (full 0):
 garbage-first heap   total 276480K, used 155122K [0x0000000080000000, 0x0000000100000000)
  region size 1024K, 8 young (8192K), 8 survivors (8192K)
 Metaspace       used 135625K, committed 136384K, reserved 1179648K
  class space    used 17723K, committed 18112K, reserved 1048576K
}
Event: 23.239 GC heap before
{Heap before GC invocations=50 (full 0):
 garbage-first heap   total 276480K, used 160242K [0x0000000080000000, 0x0000000100000000)
  region size 1024K, 13 young (13312K), 8 survivors (8192K)
 Metaspace       used 135900K, committed 136704K, reserved 1179648K
  class space    used 17772K, committed 18176K, reserved 1048576K
}
Event: 23.251 GC heap after
{Heap after GC invocations=51 (full 0):
 garbage-first heap   total 276480K, used 153681K [0x0000000080000000, 0x0000000100000000)
  region size 1024K, 1 young (1024K), 1 survivors (1024K)
 Metaspace       used 135900K, committed 136704K, reserved 1179648K
  class space    used 17772K, committed 18176K, reserved 1048576K
}

