# JRE version: OpenJDK Runtime Environment (17.0.9) (build 17.0.9+0--11185874)
# Java VM: OpenJDK 64-Bit Server VM (17.0.9+0--11185874, mixed mode, tiered, compressed oops, compressed class ptrs, g1 gc, windows-amd64)
GC Precious Log:
 CPUs: 8 total, 8 available
 Memory: 8075M
 Large Page Support: Disabled
 NUMA Support: Disabled
 Compressed Oops: Enabled (32-bit)
 Heap Region Size: 1M
 Heap Min Capacity: 8M
 Heap Initial Capacity: 128M
 Heap Max Capacity: 2G
 Pre-touch: Disabled
 Parallel Workers: 8
 Concurrent Workers: 2
 Concurrent Refinement Workers: 8
 Periodic GC: Disabled
Heap:
 garbage-first heap   total 392192K, used 290466K [0x0000000080000000, 0x0000000100000000)
  region size 1024K, 8 young (8192K), 8 survivors (8192K)
 Metaspace       used 128880K, committed 129792K, reserved 1179648K
  class space    used 17197K, committed 17664K, reserved 1048576K
GC Heap History (20 events):
Event: 67.105 GC heap after
{Heap after GC invocations=36 (full 0):
 garbage-first heap   total 326656K, used 146146K [0x0000000080000000, 0x0000000100000000)
  region size 1024K, 3 young (3072K), 3 survivors (3072K)
 Metaspace       used 118623K, committed 119552K, reserved 1179648K
  class space    used 15778K, committed 16256K, reserved 1048576K
}
Event: 69.344 GC heap before
{Heap before GC invocations=36 (full 0):
 garbage-first heap   total 326656K, used 259810K [0x0000000080000000, 0x0000000100000000)
  region size 1024K, 115 young (117760K), 3 survivors (3072K)
 Metaspace       used 121421K, committed 122368K, reserved 1179648K
  class space    used 16092K, committed 16576K, reserved 1048576K
}
Event: 69.359 GC heap after
{Heap after GC invocations=37 (full 0):
 garbage-first heap   total 326656K, used 152281K [0x0000000080000000, 0x0000000100000000)
  region size 1024K, 9 young (9216K), 9 survivors (9216K)
 Metaspace       used 121421K, committed 122368K, reserved 1179648K
  class space    used 16092K, committed 16576K, reserved 1048576K
}
Event: 70.156 GC heap before
{Heap before GC invocations=37 (full 0):
 garbage-first heap   total 326656K, used 264921K [0x0000000080000000, 0x0000000100000000)
  region size 1024K, 118 young (120832K), 9 survivors (9216K)
 Metaspace       used 122508K, committed 123456K, reserved 1179648K
  class space    used 16255K, committed 16704K, reserved 1048576K
}
Event: 70.172 GC heap after
{Heap after GC invocations=38 (full 0):
 garbage-first heap   total 326656K, used 172712K [0x0000000080000000, 0x0000000100000000)
  region size 1024K, 15 young (15360K), 15 survivors (15360K)
 Metaspace       used 122508K, committed 123456K, reserved 1179648K
  class space    used 16255K, committed 16704K, reserved 1048576K
}
Event: 70.383 GC heap before
{Heap before GC invocations=38 (full 0):
 garbage-first heap   total 326656K, used 258728K [0x0000000080000000, 0x0000000100000000)
  region size 1024K, 100 young (102400K), 15 survivors (15360K)
 Metaspace       used 123202K, committed 124096K, reserved 1179648K
  class space    used 16345K, committed 16768K, reserved 1048576K
}
Event: 70.394 GC heap after
{Heap after GC invocations=39 (full 0):
 garbage-first heap   total 326656K, used 192512K [0x0000000080000000, 0x0000000100000000)
  region size 1024K, 13 young (13312K), 13 survivors (13312K)
 Metaspace       used 123202K, committed 124096K, reserved 1179648K
  class space    used 16345K, committed 16768K, reserved 1048576K
}
Event: 70.690 GC heap before
{Heap before GC invocations=39 (full 0):
 garbage-first heap   total 326656K, used 260096K [0x0000000080000000, 0x0000000100000000)
  region size 1024K, 80 young (81920K), 13 survivors (13312K)
 Metaspace       used 124757K, committed 125696K, reserved 1179648K
  class space    used 16576K, committed 17024K, reserved 1048576K
}
Event: 70.698 GC heap after
{Heap after GC invocations=40 (full 0):
 garbage-first heap   total 326656K, used 208745K [0x0000000080000000, 0x0000000100000000)
  region size 1024K, 10 young (10240K), 10 survivors (10240K)
 Metaspace       used 124757K, committed 125696K, reserved 1179648K
  class space    used 16576K, committed 17024K, reserved 1048576K
}
Event: 70.940 GC heap before
{Heap before GC invocations=40 (full 0):
 garbage-first heap   total 326656K, used 264041K [0x0000000080000000, 0x0000000100000000)
  region size 1024K, 65 young (66560K), 10 survivors (10240K)
 Metaspace       used 126218K, committed 127104K, reserved 1179648K
  class space    used 16796K, committed 17216K, reserved 1048576K
}
Event: 70.946 GC heap after
{Heap after GC invocations=41 (full 0):
 garbage-first heap   total 326656K, used 222208K [0x0000000080000000, 0x0000000100000000)
  region size 1024K, 9 young (9216K), 9 survivors (9216K)
 Metaspace       used 126218K, committed 127104K, reserved 1179648K
  class space    used 16796K, committed 17216K, reserved 1048576K
}
Event: 71.115 GC heap before
{Heap before GC invocations=41 (full 0):
 garbage-first heap   total 326656K, used 269312K [0x0000000080000000, 0x0000000100000000)
  region size 1024K, 55 young (56320K), 9 survivors (9216K)
 Metaspace       used 126388K, committed 127360K, reserved 1179648K
  class space    used 16804K, committed 17280K, reserved 1048576K
}
Event: 71.127 GC heap after
{Heap after GC invocations=42 (full 0):
 garbage-first heap   total 392192K, used 233141K [0x0000000080000000, 0x0000000100000000)
  region size 1024K, 7 young (7168K), 7 survivors (7168K)
 Metaspace       used 126388K, committed 127360K, reserved 1179648K
  class space    used 16804K, committed 17280K, reserved 1048576K
}
Event: 71.323 GC heap before
{Heap before GC invocations=42 (full 0):
 garbage-first heap   total 392192K, used 311989K [0x0000000080000000, 0x0000000100000000)
  region size 1024K, 84 young (86016K), 7 survivors (7168K)
 Metaspace       used 126503K, committed 127424K, reserved 1179648K
  class space    used 16805K, committed 17280K, reserved 1048576K
}
Event: 71.341 GC heap after
{Heap after GC invocations=43 (full 0):
 garbage-first heap   total 392192K, used 249856K [0x0000000080000000, 0x0000000100000000)
  region size 1024K, 11 young (11264K), 11 survivors (11264K)
 Metaspace       used 126503K, committed 127424K, reserved 1179648K
  class space    used 16805K, committed 17280K, reserved 1048576K
}
Event: 71.482 GC heap before
{Heap before GC invocations=43 (full 0):
 garbage-first heap   total 392192K, used 316416K [0x0000000080000000, 0x0000000100000000)
  region size 1024K, 77 young (78848K), 11 survivors (11264K)
 Metaspace       used 126728K, committed 127616K, reserved 1179648K
  class space    used 16834K, committed 17280K, reserved 1048576K
}
Event: 71.501 GC heap after
{Heap after GC invocations=44 (full 0):
 garbage-first heap   total 392192K, used 264192K [0x0000000080000000, 0x0000000100000000)
  region size 1024K, 10 young (10240K), 10 survivors (10240K)
 Metaspace       used 126728K, committed 127616K, reserved 1179648K
  class space    used 16834K, committed 17280K, reserved 1048576K
}
Event: 71.705 GC heap before
{Heap before GC invocations=44 (full 0):
 garbage-first heap   total 392192K, used 321536K [0x0000000080000000, 0x0000000100000000)
  region size 1024K, 67 young (68608K), 10 survivors (10240K)
 Metaspace       used 127531K, committed 128448K, reserved 1179648K
  class space    used 16967K, committed 17408K, reserved 1048576K
}
Event: 71.721 GC heap after
{Heap after GC invocations=45 (full 0):
 garbage-first heap   total 392192K, used 277504K [0x0000000080000000, 0x0000000100000000)
  region size 1024K, 9 young (9216K), 9 survivors (9216K)
 Metaspace       used 127531K, committed 128448K, reserved 1179648K
  class space    used 16967K, committed 17408K, reserved 1048576K
}
Event: 71.977 GC heap before
{Heap before GC invocations=45 (full 0):
 garbage-first heap   total 392192K, used 325632K [0x0000000080000000, 0x0000000100000000)
  region size 1024K, 57 young (58368K), 9 survivors (9216K)
 Metaspace       used 128880K, committed 129792K, reserved 1179648K
  class space    used 17197K, committed 17664K, reserved 1048576K
}

