# JRE version: OpenJDK Runtime Environment (17.0.9) (build 17.0.9+0--11185874)
# Java VM: OpenJDK 64-Bit Server VM (17.0.9+0--11185874, mixed mode, tiered, compressed oops, compressed class ptrs, g1 gc, windows-amd64)
GC Precious Log:
 CPUs: 8 total, 8 available
 Memory: 8075M
 Large Page Support: Disabled
 NUMA Support: Disabled
 Compressed Oops: Enabled (32-bit)
 Heap Region Size: 1M
 Heap Min Capacity: 8M
 Heap Initial Capacity: 128M
 Heap Max Capacity: 2G
 Pre-touch: Disabled
 Parallel Workers: 8
 Concurrent Workers: 2
 Concurrent Refinement Workers: 8
 Periodic GC: Disabled
Heap:
 garbage-first heap   total 328704K, used 277717K [0x0000000080000000, 0x0000000100000000)
  region size 1024K, 2 young (2048K), 2 survivors (2048K)
 Metaspace       used 145260K, committed 146496K, reserved 1179648K
  class space    used 19096K, committed 19712K, reserved 1048576K
GC Heap History (20 events):
Event: 55.893 GC heap after
{Heap after GC invocations=98 (full 0):
 garbage-first heap   total 328704K, used 272208K [0x0000000080000000, 0x0000000100000000)
  region size 1024K, 2 young (2048K), 2 survivors (2048K)
 Metaspace       used 144276K, committed 145472K, reserved 1179648K
  class space    used 18971K, committed 19584K, reserved 1048576K
}
Event: 56.357 GC heap before
{Heap before GC invocations=98 (full 0):
 garbage-first heap   total 328704K, used 290640K [0x0000000080000000, 0x0000000100000000)
  region size 1024K, 20 young (20480K), 2 survivors (2048K)
 Metaspace       used 144793K, committed 145984K, reserved 1179648K
  class space    used 19045K, committed 19648K, reserved 1048576K
}
Event: 56.363 GC heap after
{Heap after GC invocations=99 (full 0):
 garbage-first heap   total 328704K, used 274206K [0x0000000080000000, 0x0000000100000000)
  region size 1024K, 3 young (3072K), 3 survivors (3072K)
 Metaspace       used 144793K, committed 145984K, reserved 1179648K
  class space    used 19045K, committed 19648K, reserved 1048576K
}
Event: 56.869 GC heap before
{Heap before GC invocations=99 (full 0):
 garbage-first heap   total 328704K, used 288542K [0x0000000080000000, 0x0000000100000000)
  region size 1024K, 18 young (18432K), 3 survivors (3072K)
 Metaspace       used 144850K, committed 146048K, reserved 1179648K
  class space    used 19050K, committed 19648K, reserved 1048576K
}
Event: 56.873 GC heap after
{Heap after GC invocations=100 (full 0):
 garbage-first heap   total 328704K, used 275678K [0x0000000080000000, 0x0000000100000000)
  region size 1024K, 2 young (2048K), 2 survivors (2048K)
 Metaspace       used 144850K, committed 146048K, reserved 1179648K
  class space    used 19050K, committed 19648K, reserved 1048576K
}
Event: 57.019 GC heap before
{Heap before GC invocations=100 (full 0):
 garbage-first heap   total 328704K, used 288990K [0x0000000080000000, 0x0000000100000000)
  region size 1024K, 16 young (16384K), 2 survivors (2048K)
 Metaspace       used 145158K, committed 146432K, reserved 1179648K
  class space    used 19087K, committed 19712K, reserved 1048576K
}
Event: 57.023 GC heap after
{Heap after GC invocations=101 (full 0):
 garbage-first heap   total 328704K, used 276323K [0x0000000080000000, 0x0000000100000000)
  region size 1024K, 1 young (1024K), 1 survivors (1024K)
 Metaspace       used 145158K, committed 146432K, reserved 1179648K
  class space    used 19087K, committed 19712K, reserved 1048576K
}
Event: 57.058 GC heap before
{Heap before GC invocations=101 (full 0):
 garbage-first heap   total 328704K, used 290659K [0x0000000080000000, 0x0000000100000000)
  region size 1024K, 16 young (16384K), 1 survivors (1024K)
 Metaspace       used 145190K, committed 146432K, reserved 1179648K
  class space    used 19087K, committed 19712K, reserved 1048576K
}
Event: 57.060 GC heap after
{Heap after GC invocations=102 (full 0):
 garbage-first heap   total 328704K, used 276556K [0x0000000080000000, 0x0000000100000000)
  region size 1024K, 2 young (2048K), 2 survivors (2048K)
 Metaspace       used 145190K, committed 146432K, reserved 1179648K
  class space    used 19087K, committed 19712K, reserved 1048576K
}
Event: 57.106 GC heap before
{Heap before GC invocations=102 (full 0):
 garbage-first heap   total 328704K, used 289868K [0x0000000080000000, 0x0000000100000000)
  region size 1024K, 16 young (16384K), 2 survivors (2048K)
 Metaspace       used 145196K, committed 146432K, reserved 1179648K
  class space    used 19087K, committed 19712K, reserved 1048576K
}
Event: 57.109 GC heap after
{Heap after GC invocations=103 (full 0):
 garbage-first heap   total 328704K, used 276354K [0x0000000080000000, 0x0000000100000000)
  region size 1024K, 1 young (1024K), 1 survivors (1024K)
 Metaspace       used 145196K, committed 146432K, reserved 1179648K
  class space    used 19087K, committed 19712K, reserved 1048576K
}
Event: 57.239 GC heap before
{Heap before GC invocations=103 (full 0):
 garbage-first heap   total 328704K, used 290690K [0x0000000080000000, 0x0000000100000000)
  region size 1024K, 16 young (16384K), 1 survivors (1024K)
 Metaspace       used 145237K, committed 146496K, reserved 1179648K
  class space    used 19094K, committed 19712K, reserved 1048576K
}
Event: 57.241 GC heap after
{Heap after GC invocations=104 (full 0):
 garbage-first heap   total 328704K, used 276689K [0x0000000080000000, 0x0000000100000000)
  region size 1024K, 2 young (2048K), 2 survivors (2048K)
 Metaspace       used 145237K, committed 146496K, reserved 1179648K
  class space    used 19094K, committed 19712K, reserved 1048576K
}
Event: 57.316 GC heap before
{Heap before GC invocations=104 (full 0):
 garbage-first heap   total 328704K, used 290001K [0x0000000080000000, 0x0000000100000000)
  region size 1024K, 16 young (16384K), 2 survivors (2048K)
 Metaspace       used 145246K, committed 146496K, reserved 1179648K
  class space    used 19094K, committed 19712K, reserved 1048576K
}
Event: 57.319 GC heap after
{Heap after GC invocations=105 (full 0):
 garbage-first heap   total 328704K, used 276876K [0x0000000080000000, 0x0000000100000000)
  region size 1024K, 1 young (1024K), 1 survivors (1024K)
 Metaspace       used 145246K, committed 146496K, reserved 1179648K
  class space    used 19094K, committed 19712K, reserved 1048576K
}
Event: 57.435 GC heap before
{Heap before GC invocations=105 (full 0):
 garbage-first heap   total 328704K, used 291212K [0x0000000080000000, 0x0000000100000000)
  region size 1024K, 17 young (17408K), 1 survivors (1024K)
 Metaspace       used 145248K, committed 146496K, reserved 1179648K
  class space    used 19094K, committed 19712K, reserved 1048576K
}
Event: 57.438 GC heap after
{Heap after GC invocations=106 (full 0):
 garbage-first heap   total 328704K, used 277178K [0x0000000080000000, 0x0000000100000000)
  region size 1024K, 2 young (2048K), 2 survivors (2048K)
 Metaspace       used 145248K, committed 146496K, reserved 1179648K
  class space    used 19094K, committed 19712K, reserved 1048576K
}
Event: 57.516 GC heap before
{Heap before GC invocations=106 (full 0):
 garbage-first heap   total 328704K, used 290490K [0x0000000080000000, 0x0000000100000000)
  region size 1024K, 16 young (16384K), 2 survivors (2048K)
 Metaspace       used 145260K, committed 146496K, reserved 1179648K
  class space    used 19096K, committed 19712K, reserved 1048576K
}
Event: 57.519 GC heap after
{Heap after GC invocations=107 (full 0):
 garbage-first heap   total 328704K, used 277540K [0x0000000080000000, 0x0000000100000000)
  region size 1024K, 2 young (2048K), 2 survivors (2048K)
 Metaspace       used 145260K, committed 146496K, reserved 1179648K
  class space    used 19096K, committed 19712K, reserved 1048576K
}
Event: 57.561 GC heap before
{Heap before GC invocations=107 (full 0):
 garbage-first heap   total 328704K, used 290852K [0x0000000080000000, 0x0000000100000000)
  region size 1024K, 16 young (16384K), 2 survivors (2048K)
 Metaspace       used 145260K, committed 146496K, reserved 1179648K
  class space    used 19096K, committed 19712K, reserved 1048576K
}

